<?xml version="1.0" encoding="UTF-8"?>
<testsuite xmlns:xsi="http://www.w3.org/2001/XMLSchema-instance" xsi:noNamespaceSchemaLocation="https://maven.apache.org/surefire/maven-surefire-plugin/xsd/surefire-test-report.xsd" version="3.0.2" name="com.microservice.demo.SpringBootDockerDemoApplicationTests" time="3.11" tests="1" errors="0" skipped="0" failures="0">
  <properties>
    <property name="java.specification.version" value="17"/>
    <property name="sun.jnu.encoding" value="UTF-8"/>
    <property name="java.class.path" value="/workspace/spring-boot-docker-demo/target/test-classes:/workspace/spring-boot-docker-demo/target/classes:/workspace/m2-repository/org/springframework/boot/spring-boot-starter-actuator/3.5.3/spring-boot-starter-actuator-3.5.3.jar:/workspace/m2-repository/org/springframework/boot/spring-boot-starter/3.5.3/spring-boot-starter-3.5.3.jar:/workspace/m2-repository/org/springframework/boot/spring-boot-starter-logging/3.5.3/spring-boot-starter-logging-3.5.3.jar:/workspace/m2-repository/ch/qos/logback/logback-classic/1.5.18/logback-classic-1.5.18.jar:/workspace/m2-repository/ch/qos/logback/logback-core/1.5.18/logback-core-1.5.18.jar:/workspace/m2-repository/org/apache/logging/log4j/log4j-to-slf4j/2.24.3/log4j-to-slf4j-2.24.3.jar:/workspace/m2-repository/org/apache/logging/log4j/log4j-api/2.24.3/log4j-api-2.24.3.jar:/workspace/m2-repository/org/slf4j/jul-to-slf4j/2.0.17/jul-to-slf4j-2.0.17.jar:/workspace/m2-repository/jakarta/annotation/jakarta.annotation-api/2.1.1/jakarta.annotation-api-2.1.1.jar:/workspace/m2-repository/org/yaml/snakeyaml/2.4/snakeyaml-2.4.jar:/workspace/m2-repository/org/springframework/boot/spring-boot-actuator-autoconfigure/3.5.3/spring-boot-actuator-autoconfigure-3.5.3.jar:/workspace/m2-repository/org/springframework/boot/spring-boot-actuator/3.5.3/spring-boot-actuator-3.5.3.jar:/workspace/m2-repository/com/fasterxml/jackson/core/jackson-databind/2.19.1/jackson-databind-2.19.1.jar:/workspace/m2-repository/com/fasterxml/jackson/core/jackson-annotations/2.19.1/jackson-annotations-2.19.1.jar:/workspace/m2-repository/com/fasterxml/jackson/core/jackson-core/2.19.1/jackson-core-2.19.1.jar:/workspace/m2-repository/com/fasterxml/jackson/datatype/jackson-datatype-jsr310/2.19.1/jackson-datatype-jsr310-2.19.1.jar:/workspace/m2-repository/io/micrometer/micrometer-observation/1.15.1/micrometer-observation-1.15.1.jar:/workspace/m2-repository/io/micrometer/micrometer-commons/1.15.1/micrometer-commons-1.15.1.jar:/workspace/m2-repository/io/micrometer/micrometer-jakarta9/1.15.1/micrometer-jakarta9-1.15.1.jar:/workspace/m2-repository/io/micrometer/micrometer-core/1.15.1/micrometer-core-1.15.1.jar:/workspace/m2-repository/org/hdrhistogram/HdrHistogram/2.2.2/HdrHistogram-2.2.2.jar:/workspace/m2-repository/org/latencyutils/LatencyUtils/2.0.3/LatencyUtils-2.0.3.jar:/workspace/m2-repository/org/springframework/boot/spring-boot-starter-web/3.5.3/spring-boot-starter-web-3.5.3.jar:/workspace/m2-repository/org/springframework/boot/spring-boot-starter-json/3.5.3/spring-boot-starter-json-3.5.3.jar:/workspace/m2-repository/com/fasterxml/jackson/datatype/jackson-datatype-jdk8/2.19.1/jackson-datatype-jdk8-2.19.1.jar:/workspace/m2-repository/com/fasterxml/jackson/module/jackson-module-parameter-names/2.19.1/jackson-module-parameter-names-2.19.1.jar:/workspace/m2-repository/org/springframework/boot/spring-boot-starter-tomcat/3.5.3/spring-boot-starter-tomcat-3.5.3.jar:/workspace/m2-repository/org/apache/tomcat/embed/tomcat-embed-core/10.1.42/tomcat-embed-core-10.1.42.jar:/workspace/m2-repository/org/apache/tomcat/embed/tomcat-embed-el/10.1.42/tomcat-embed-el-10.1.42.jar:/workspace/m2-repository/org/apache/tomcat/embed/tomcat-embed-websocket/10.1.42/tomcat-embed-websocket-10.1.42.jar:/workspace/m2-repository/org/springframework/spring-web/6.2.8/spring-web-6.2.8.jar:/workspace/m2-repository/org/springframework/spring-beans/6.2.8/spring-beans-6.2.8.jar:/workspace/m2-repository/org/springframework/spring-webmvc/6.2.8/spring-webmvc-6.2.8.jar:/workspace/m2-repository/org/springframework/spring-aop/6.2.8/spring-aop-6.2.8.jar:/workspace/m2-repository/org/springframework/spring-context/6.2.8/spring-context-6.2.8.jar:/workspace/m2-repository/org/springframework/spring-expression/6.2.8/spring-expression-6.2.8.jar:/workspace/m2-repository/org/springframework/boot/spring-boot-devtools/3.5.3/spring-boot-devtools-3.5.3.jar:/workspace/m2-repository/org/springframework/boot/spring-boot/3.5.3/spring-boot-3.5.3.jar:/workspace/m2-repository/org/springframework/boot/spring-boot-autoconfigure/3.5.3/spring-boot-autoconfigure-3.5.3.jar:/workspace/m2-repository/org/springframework/boot/spring-boot-starter-test/3.5.3/spring-boot-starter-test-3.5.3.jar:/workspace/m2-repository/org/springframework/boot/spring-boot-test/3.5.3/spring-boot-test-3.5.3.jar:/workspace/m2-repository/org/springframework/boot/spring-boot-test-autoconfigure/3.5.3/spring-boot-test-autoconfigure-3.5.3.jar:/workspace/m2-repository/com/jayway/jsonpath/json-path/2.9.0/json-path-2.9.0.jar:/workspace/m2-repository/org/slf4j/slf4j-api/2.0.17/slf4j-api-2.0.17.jar:/workspace/m2-repository/jakarta/xml/bind/jakarta.xml.bind-api/4.0.2/jakarta.xml.bind-api-4.0.2.jar:/workspace/m2-repository/jakarta/activation/jakarta.activation-api/2.1.3/jakarta.activation-api-2.1.3.jar:/workspace/m2-repository/net/minidev/json-smart/2.5.2/json-smart-2.5.2.jar:/workspace/m2-repository/net/minidev/accessors-smart/2.5.2/accessors-smart-2.5.2.jar:/workspace/m2-repository/org/ow2/asm/asm/9.7.1/asm-9.7.1.jar:/workspace/m2-repository/org/assertj/assertj-core/3.27.3/assertj-core-3.27.3.jar:/workspace/m2-repository/net/bytebuddy/byte-buddy/1.17.6/byte-buddy-1.17.6.jar:/workspace/m2-repository/org/awaitility/awaitility/4.2.2/awaitility-4.2.2.jar:/workspace/m2-repository/org/hamcrest/hamcrest/3.0/hamcrest-3.0.jar:/workspace/m2-repository/org/junit/jupiter/junit-jupiter/5.12.2/junit-jupiter-5.12.2.jar:/workspace/m2-repository/org/junit/jupiter/junit-jupiter-api/5.12.2/junit-jupiter-api-5.12.2.jar:/workspace/m2-repository/org/opentest4j/opentest4j/1.3.0/opentest4j-1.3.0.jar:/workspace/m2-repository/org/junit/platform/junit-platform-commons/1.12.2/junit-platform-commons-1.12.2.jar:/workspace/m2-repository/org/apiguardian/apiguardian-api/1.1.2/apiguardian-api-1.1.2.jar:/workspace/m2-repository/org/junit/jupiter/junit-jupiter-params/5.12.2/junit-jupiter-params-5.12.2.jar:/workspace/m2-repository/org/junit/jupiter/junit-jupiter-engine/5.12.2/junit-jupiter-engine-5.12.2.jar:/workspace/m2-repository/org/junit/platform/junit-platform-engine/1.12.2/junit-platform-engine-1.12.2.jar:/workspace/m2-repository/org/mockito/mockito-core/5.17.0/mockito-core-5.17.0.jar:/workspace/m2-repository/net/bytebuddy/byte-buddy-agent/1.17.6/byte-buddy-agent-1.17.6.jar:/workspace/m2-repository/org/objenesis/objenesis/3.3/objenesis-3.3.jar:/workspace/m2-repository/org/mockito/mockito-junit-jupiter/5.17.0/mockito-junit-jupiter-5.17.0.jar:/workspace/m2-repository/org/skyscreamer/jsonassert/1.5.3/jsonassert-1.5.3.jar:/workspace/m2-repository/com/vaadin/external/google/android-json/0.0.20131108.vaadin1/android-json-0.0.20131108.vaadin1.jar:/workspace/m2-repository/org/springframework/spring-core/6.2.8/spring-core-6.2.8.jar:/workspace/m2-repository/org/springframework/spring-jcl/6.2.8/spring-jcl-6.2.8.jar:/workspace/m2-repository/org/springframework/spring-test/6.2.8/spring-test-6.2.8.jar:/workspace/m2-repository/org/xmlunit/xmlunit-core/2.10.2/xmlunit-core-2.10.2.jar:"/>
    <property name="java.vm.vendor" value="Eclipse Adoptium"/>
    <property name="sun.arch.data.model" value="64"/>
    <property name="java.vendor.url" value="https://adoptium.net/"/>
    <property name="user.timezone" value="Etc/UTC"/>
    <property name="os.name" value="Linux"/>
    <property name="java.vm.specification.version" value="17"/>
    <property name="sun.java.launcher" value="SUN_STANDARD"/>
    <property name="user.country" value="US"/>
    <property name="sun.boot.library.path" value="/home/gitpod/.sdkman/candidates/java/17.0.15-tem/lib"/>
    <property name="sun.java.command" value="/workspace/spring-boot-docker-demo/target/surefire/surefirebooter-20250714112729479_3.jar /workspace/spring-boot-docker-demo/target/surefire 2025-07-14T11-27-28_427-jvmRun1 surefire-20250714112729479_1tmp surefire_0-20250714112729479_2tmp"/>
    <property name="jdk.debug" value="release"/>
    <property name="surefire.test.class.path" value="/workspace/spring-boot-docker-demo/target/test-classes:/workspace/spring-boot-docker-demo/target/classes:/workspace/m2-repository/org/springframework/boot/spring-boot-starter-actuator/3.5.3/spring-boot-starter-actuator-3.5.3.jar:/workspace/m2-repository/org/springframework/boot/spring-boot-starter/3.5.3/spring-boot-starter-3.5.3.jar:/workspace/m2-repository/org/springframework/boot/spring-boot-starter-logging/3.5.3/spring-boot-starter-logging-3.5.3.jar:/workspace/m2-repository/ch/qos/logback/logback-classic/1.5.18/logback-classic-1.5.18.jar:/workspace/m2-repository/ch/qos/logback/logback-core/1.5.18/logback-core-1.5.18.jar:/workspace/m2-repository/org/apache/logging/log4j/log4j-to-slf4j/2.24.3/log4j-to-slf4j-2.24.3.jar:/workspace/m2-repository/org/apache/logging/log4j/log4j-api/2.24.3/log4j-api-2.24.3.jar:/workspace/m2-repository/org/slf4j/jul-to-slf4j/2.0.17/jul-to-slf4j-2.0.17.jar:/workspace/m2-repository/jakarta/annotation/jakarta.annotation-api/2.1.1/jakarta.annotation-api-2.1.1.jar:/workspace/m2-repository/org/yaml/snakeyaml/2.4/snakeyaml-2.4.jar:/workspace/m2-repository/org/springframework/boot/spring-boot-actuator-autoconfigure/3.5.3/spring-boot-actuator-autoconfigure-3.5.3.jar:/workspace/m2-repository/org/springframework/boot/spring-boot-actuator/3.5.3/spring-boot-actuator-3.5.3.jar:/workspace/m2-repository/com/fasterxml/jackson/core/jackson-databind/2.19.1/jackson-databind-2.19.1.jar:/workspace/m2-repository/com/fasterxml/jackson/core/jackson-annotations/2.19.1/jackson-annotations-2.19.1.jar:/workspace/m2-repository/com/fasterxml/jackson/core/jackson-core/2.19.1/jackson-core-2.19.1.jar:/workspace/m2-repository/com/fasterxml/jackson/datatype/jackson-datatype-jsr310/2.19.1/jackson-datatype-jsr310-2.19.1.jar:/workspace/m2-repository/io/micrometer/micrometer-observation/1.15.1/micrometer-observation-1.15.1.jar:/workspace/m2-repository/io/micrometer/micrometer-commons/1.15.1/micrometer-commons-1.15.1.jar:/workspace/m2-repository/io/micrometer/micrometer-jakarta9/1.15.1/micrometer-jakarta9-1.15.1.jar:/workspace/m2-repository/io/micrometer/micrometer-core/1.15.1/micrometer-core-1.15.1.jar:/workspace/m2-repository/org/hdrhistogram/HdrHistogram/2.2.2/HdrHistogram-2.2.2.jar:/workspace/m2-repository/org/latencyutils/LatencyUtils/2.0.3/LatencyUtils-2.0.3.jar:/workspace/m2-repository/org/springframework/boot/spring-boot-starter-web/3.5.3/spring-boot-starter-web-3.5.3.jar:/workspace/m2-repository/org/springframework/boot/spring-boot-starter-json/3.5.3/spring-boot-starter-json-3.5.3.jar:/workspace/m2-repository/com/fasterxml/jackson/datatype/jackson-datatype-jdk8/2.19.1/jackson-datatype-jdk8-2.19.1.jar:/workspace/m2-repository/com/fasterxml/jackson/module/jackson-module-parameter-names/2.19.1/jackson-module-parameter-names-2.19.1.jar:/workspace/m2-repository/org/springframework/boot/spring-boot-starter-tomcat/3.5.3/spring-boot-starter-tomcat-3.5.3.jar:/workspace/m2-repository/org/apache/tomcat/embed/tomcat-embed-core/10.1.42/tomcat-embed-core-10.1.42.jar:/workspace/m2-repository/org/apache/tomcat/embed/tomcat-embed-el/10.1.42/tomcat-embed-el-10.1.42.jar:/workspace/m2-repository/org/apache/tomcat/embed/tomcat-embed-websocket/10.1.42/tomcat-embed-websocket-10.1.42.jar:/workspace/m2-repository/org/springframework/spring-web/6.2.8/spring-web-6.2.8.jar:/workspace/m2-repository/org/springframework/spring-beans/6.2.8/spring-beans-6.2.8.jar:/workspace/m2-repository/org/springframework/spring-webmvc/6.2.8/spring-webmvc-6.2.8.jar:/workspace/m2-repository/org/springframework/spring-aop/6.2.8/spring-aop-6.2.8.jar:/workspace/m2-repository/org/springframework/spring-context/6.2.8/spring-context-6.2.8.jar:/workspace/m2-repository/org/springframework/spring-expression/6.2.8/spring-expression-6.2.8.jar:/workspace/m2-repository/org/springframework/boot/spring-boot-devtools/3.5.3/spring-boot-devtools-3.5.3.jar:/workspace/m2-repository/org/springframework/boot/spring-boot/3.5.3/spring-boot-3.5.3.jar:/workspace/m2-repository/org/springframework/boot/spring-boot-autoconfigure/3.5.3/spring-boot-autoconfigure-3.5.3.jar:/workspace/m2-repository/org/springframework/boot/spring-boot-starter-test/3.5.3/spring-boot-starter-test-3.5.3.jar:/workspace/m2-repository/org/springframework/boot/spring-boot-test/3.5.3/spring-boot-test-3.5.3.jar:/workspace/m2-repository/org/springframework/boot/spring-boot-test-autoconfigure/3.5.3/spring-boot-test-autoconfigure-3.5.3.jar:/workspace/m2-repository/com/jayway/jsonpath/json-path/2.9.0/json-path-2.9.0.jar:/workspace/m2-repository/org/slf4j/slf4j-api/2.0.17/slf4j-api-2.0.17.jar:/workspace/m2-repository/jakarta/xml/bind/jakarta.xml.bind-api/4.0.2/jakarta.xml.bind-api-4.0.2.jar:/workspace/m2-repository/jakarta/activation/jakarta.activation-api/2.1.3/jakarta.activation-api-2.1.3.jar:/workspace/m2-repository/net/minidev/json-smart/2.5.2/json-smart-2.5.2.jar:/workspace/m2-repository/net/minidev/accessors-smart/2.5.2/accessors-smart-2.5.2.jar:/workspace/m2-repository/org/ow2/asm/asm/9.7.1/asm-9.7.1.jar:/workspace/m2-repository/org/assertj/assertj-core/3.27.3/assertj-core-3.27.3.jar:/workspace/m2-repository/net/bytebuddy/byte-buddy/1.17.6/byte-buddy-1.17.6.jar:/workspace/m2-repository/org/awaitility/awaitility/4.2.2/awaitility-4.2.2.jar:/workspace/m2-repository/org/hamcrest/hamcrest/3.0/hamcrest-3.0.jar:/workspace/m2-repository/org/junit/jupiter/junit-jupiter/5.12.2/junit-jupiter-5.12.2.jar:/workspace/m2-repository/org/junit/jupiter/junit-jupiter-api/5.12.2/junit-jupiter-api-5.12.2.jar:/workspace/m2-repository/org/opentest4j/opentest4j/1.3.0/opentest4j-1.3.0.jar:/workspace/m2-repository/org/junit/platform/junit-platform-commons/1.12.2/junit-platform-commons-1.12.2.jar:/workspace/m2-repository/org/apiguardian/apiguardian-api/1.1.2/apiguardian-api-1.1.2.jar:/workspace/m2-repository/org/junit/jupiter/junit-jupiter-params/5.12.2/junit-jupiter-params-5.12.2.jar:/workspace/m2-repository/org/junit/jupiter/junit-jupiter-engine/5.12.2/junit-jupiter-engine-5.12.2.jar:/workspace/m2-repository/org/junit/platform/junit-platform-engine/1.12.2/junit-platform-engine-1.12.2.jar:/workspace/m2-repository/org/mockito/mockito-core/5.17.0/mockito-core-5.17.0.jar:/workspace/m2-repository/net/bytebuddy/byte-buddy-agent/1.17.6/byte-buddy-agent-1.17.6.jar:/workspace/m2-repository/org/objenesis/objenesis/3.3/objenesis-3.3.jar:/workspace/m2-repository/org/mockito/mockito-junit-jupiter/5.17.0/mockito-junit-jupiter-5.17.0.jar:/workspace/m2-repository/org/skyscreamer/jsonassert/1.5.3/jsonassert-1.5.3.jar:/workspace/m2-repository/com/vaadin/external/google/android-json/0.0.20131108.vaadin1/android-json-0.0.20131108.vaadin1.jar:/workspace/m2-repository/org/springframework/spring-core/6.2.8/spring-core-6.2.8.jar:/workspace/m2-repository/org/springframework/spring-jcl/6.2.8/spring-jcl-6.2.8.jar:/workspace/m2-repository/org/springframework/spring-test/6.2.8/spring-test-6.2.8.jar:/workspace/m2-repository/org/xmlunit/xmlunit-core/2.10.2/xmlunit-core-2.10.2.jar:"/>
    <property name="sun.cpu.endian" value="little"/>
    <property name="user.home" value="/home/gitpod"/>
    <property name="user.language" value="en"/>
    <property name="java.specification.vendor" value="Oracle Corporation"/>
    <property name="java.version.date" value="2025-04-15"/>
    <property name="java.home" value="/home/gitpod/.sdkman/candidates/java/17.0.15-tem"/>
    <property name="file.separator" value="/"/>
    <property name="basedir" value="/workspace/spring-boot-docker-demo"/>
    <property name="java.vm.compressedOopsMode" value="Zero based"/>
    <property name="line.separator" value="&#10;"/>
    <property name="java.vm.specification.vendor" value="Oracle Corporation"/>
    <property name="java.specification.name" value="Java Platform API Specification"/>
    <property name="FILE_LOG_CHARSET" value="UTF-8"/>
    <property name="java.awt.headless" value="true"/>
    <property name="surefire.real.class.path" value="/workspace/spring-boot-docker-demo/target/surefire/surefirebooter-20250714112729479_3.jar"/>
    <property name="sun.management.compiler" value="HotSpot 64-Bit Tiered Compilers"/>
    <property name="java.runtime.version" value="17.0.15+6"/>
    <property name="user.name" value="gitpod"/>
    <property name="path.separator" value=":"/>
    <property name="os.version" value="6.1.139-0601139-generic"/>
    <property name="java.runtime.name" value="OpenJDK Runtime Environment"/>
    <property name="file.encoding" value="UTF-8"/>
    <property name="java.vm.name" value="OpenJDK 64-Bit Server VM"/>
    <property name="java.vendor.version" value="Temurin-17.0.15+6"/>
    <property name="localRepository" value="/workspace/m2-repository"/>
    <property name="java.vendor.url.bug" value="https://github.com/adoptium/adoptium-support/issues"/>
    <property name="java.io.tmpdir" value="/tmp"/>
    <property name="java.version" value="17.0.15"/>
    <property name="user.dir" value="/workspace/spring-boot-docker-demo"/>
    <property name="os.arch" value="amd64"/>
    <property name="java.vm.specification.name" value="Java Virtual Machine Specification"/>
    <property name="PID" value="44485"/>
    <property name="CONSOLE_LOG_CHARSET" value="UTF-8"/>
    <property name="native.encoding" value="UTF-8"/>
    <property name="java.library.path" value="/usr/java/packages/lib:/usr/lib64:/lib64:/lib:/usr/lib"/>
    <property name="java.vm.info" value="mixed mode, sharing"/>
    <property name="java.vendor" value="Eclipse Adoptium"/>
    <property name="java.vm.version" value="17.0.15+6"/>
    <property name="java.specification.maintenance.version" value="1"/>
    <property name="sun.io.unicode.encoding" value="UnicodeLittle"/>
    <property name="java.class.version" value="61.0"/>
  </properties>
  <testcase name="contextLoads" classname="com.microservice.demo.SpringBootDockerDemoApplicationTests" time="0.588">
    <system-out><![CDATA[11:27:30.235 [main] INFO org.springframework.test.context.support.AnnotationConfigContextLoaderUtils -- Could not detect default configuration classes for test class [com.microservice.demo.SpringBootDockerDemoApplicationTests]: SpringBootDockerDemoApplicationTests does not declare any static, non-private, non-final, nested classes annotated with @Configuration.
11:27:30.358 [main] INFO org.springframework.boot.test.context.SpringBootTestContextBootstrapper -- Found @SpringBootConfiguration com.microservice.demo.SpringBootDockerDemoApplication for test class com.microservice.demo.SpringBootDockerDemoApplicationTests
11:27:30.521 [main] INFO org.springframework.boot.devtools.restart.RestartApplicationListener -- Restart disabled due to context in which it is running

  .   ____          _            __ _ _
 /\\ / ___'_ __ _ _(_)_ __  __ _ \ \ \ \
( ( )\___ | '_ | '_| | '_ \/ _` | \ \ \ \
 \\/  ___)| |_)| | | | | || (_| |  ) ) ) )
  '  |____| .__|_| |_|_| |_\__, | / / / /
 =========|_|==============|___/=/_/_/_/

 :: Spring Boot ::                (v3.5.3)

2025-07-14T11:27:30.882Z  INFO 44485 --- [           main] m.d.SpringBootDockerDemoApplicationTests : Starting SpringBootDockerDemoApplicationTests using Java 17.0.15 with PID 44485 (started by gitpod in /workspace/spring-boot-docker-demo)
2025-07-14T11:27:30.884Z  INFO 44485 --- [           main] m.d.SpringBootDockerDemoApplicationTests : No active profile set, falling back to 1 default profile: "default"
2025-07-14T11:27:32.502Z  INFO 44485 --- [           main] o.s.b.a.e.web.EndpointLinksResolver      : Exposing 1 endpoint beneath base path '/actuator'
2025-07-14T11:27:32.564Z  INFO 44485 --- [           main] m.d.SpringBootDockerDemoApplicationTests : Started SpringBootDockerDemoApplicationTests in 2.053 seconds (process running for 3.045)
]]></system-out>
  </testcase>
</testsuite>